<?xml version="1.0" encoding="UTF-8"?>
<!-- Generated by org.testng.reporters.JUnitReportReporter -->
<testsuite hostname="LMTN202461" name="com.qtpselenium.framework.roughwork.datechecker" tests="1" failures="0" timestamp="5 Nov 2014 19:09:02 GMT" time="0.136" errors="0">
  <testcase name="addStock" time="0.136" classname="com.qtpselenium.framework.roughwork.datechecker"/>
</testsuite> <!-- com.qtpselenium.framework.roughwork.datechecker -->
