<?xml version="1.0" encoding="UTF-8"?>
<!-- Generated by org.testng.reporters.JUnitReportReporter -->
<testsuite hostname="LMTN202461" name="com.qtpselenium.framework.datadriven.PortFolioTest.AddStock" tests="1" failures="0" timestamp="6 Nov 2014 15:25:51 GMT" time="45.786" errors="0">
  <testcase name="addStock" time="45.786" classname="com.qtpselenium.framework.datadriven.PortFolioTest.AddStock"/>
</testsuite> <!-- com.qtpselenium.framework.datadriven.PortFolioTest.AddStock -->
