<?xml version="1.0" encoding="UTF-8"?>
<!-- Generated by org.testng.reporters.JUnitReportReporter -->
<testsuite hostname="LMTN202461" name="com.qtpselenium.framework.datadriven.PortFolioTest.LeastPerAssetTest" tests="1" failures="0" timestamp="16 Dec 2014 17:14:28 GMT" time="80.671" errors="0">
  <testcase name="leastPerAssetTest" time="80.671" classname="com.qtpselenium.framework.datadriven.PortFolioTest.LeastPerAssetTest"/>
</testsuite> <!-- com.qtpselenium.framework.datadriven.PortFolioTest.LeastPerAssetTest -->
