<?xml version="1.0" encoding="UTF-8"?>
<!-- Generated by org.testng.reporters.JUnitReportReporter -->
<testsuite hostname="LMTN202461" name="com.qtpselenium.framework.datadriven.PortFolioTest.Test5" tests="1" failures="0" timestamp="29 Oct 2014 18:13:10 GMT" time="7.417" errors="0">
  <testcase name="test5" time="7.417" classname="com.qtpselenium.framework.datadriven.PortFolioTest.Test5"/>
</testsuite> <!-- com.qtpselenium.framework.datadriven.PortFolioTest.Test5 -->
