<?xml version="1.0" encoding="UTF-8"?>
<!-- Generated by org.testng.reporters.JUnitReportReporter -->
<testsuite hostname="LMTN202461" name="com.qtpselenium.framework.roughwork.testngwala" tests="1" failures="0" timestamp="12 Nov 2014 15:23:31 GMT" time="0.015" errors="0">
  <testcase name="sample" time="0.015" classname="com.qtpselenium.framework.roughwork.testngwala"/>
</testsuite> <!-- com.qtpselenium.framework.roughwork.testngwala -->
