<?xml version="1.0" encoding="UTF-8"?>
<!-- Generated by org.testng.reporters.JUnitReportReporter -->
<testsuite hostname="LMTN202461" name="com.qtpselenium.framework.datadriven.PortFolioTest.Test5" tests="1" failures="0" timestamp="15 Dec 2014 23:29:08 GMT" time="0.000" errors="0">
  <testcase name="test5" time="0.000" classname="com.qtpselenium.framework.datadriven.PortFolioTest.Test5"/>
</testsuite>
